<?xml version="1.0" encoding="UTF-8"?>
<!-- Generated by org.testng.reporters.JUnitXMLReporter -->
<testsuite hostname="LAPTOP-Q4V8JKMR" name="Regression1" tests="4" failures="0" timestamp="14 Aug 2022 08:28:12 GMT" time="70.399" errors="0">
  <testcase name="tc001" time="8.346" classname="com.hrms.testscripts.TC001"/>
  <testcase name="tc002" time="12.831" classname="com.hrms.testscripts.TC002"/>
  <testcase name="tc003" time="19.818" classname="com.hrms.testscripts.TC003"/>
  <testcase name="tc004" time="29.388" classname="com.hrms.testscripts.TC004"/>
</testsuite> <!-- Regression1 -->
